<?xml version="1.0" encoding="UTF-8"?>
<testng-results skipped="0" failed="0" ignored="0" total="3" passed="3">
  <reporter-output>
  </reporter-output>
  <suite name="Logistics" duration-ms="828" started-at="2019-02-20T09:37:39Z" finished-at="2019-02-20T09:37:40Z">
    <groups>
    </groups>
    <test name="Gradle test" duration-ms="828" started-at="2019-02-20T09:37:39Z" finished-at="2019-02-20T09:37:40Z">
      <class name="Logistics.SenerityDemo">
        <test-method status="PASS" signature="printTestData()[pri:0, instance:Logistics.SenerityDemo@790f2cd7]" name="printTestData" duration-ms="741" started-at="2019-02-20T11:37:39Z" finished-at="2019-02-20T11:37:40Z">
          <reporter-output>
          </reporter-output>
        </test-method> <!-- printTestData -->
        <test-method status="PASS" signature="printTestDataThree()[pri:0, instance:Logistics.SenerityDemo@790f2cd7]" name="printTestDataThree" duration-ms="0" started-at="2019-02-20T11:37:40Z" finished-at="2019-02-20T11:37:40Z">
          <reporter-output>
          </reporter-output>
        </test-method> <!-- printTestDataThree -->
        <test-method status="PASS" signature="printTestDataTwo()[pri:0, instance:Logistics.SenerityDemo@790f2cd7]" name="printTestDataTwo" duration-ms="0" started-at="2019-02-20T11:37:40Z" finished-at="2019-02-20T11:37:40Z">
          <reporter-output>
          </reporter-output>
        </test-method> <!-- printTestDataTwo -->
      </class> <!-- Logistics.SenerityDemo -->
    </test> <!-- Gradle test -->
  </suite> <!-- Logistics -->
</testng-results>
